This is pdfTeX, Version 3.1415926-2.3-1.40.12 (MiKTeX 2.9) (preloaded format=pdflatex 2011.10.22)  20 DEC 2011 21:26
entering extended mode
**D:/UCLM/5Curso/PFC/repo-pfc/PFC/MemoriaModif/PlantillaPFC.tex
(D:/UCLM/5Curso/PFC/repo-pfc/PFC/MemoriaModif/PlantillaPFC.tex
LaTeX2e <2011/06/27>
Babel <v3.8m> and hyphenation patterns for english, afrikaans, ancientgreek, ar
abic, armenian, assamese, basque, bengali, bokmal, bulgarian, catalan, coptic, 
croatian, czech, danish, dutch, esperanto, estonian, farsi, finnish, french, ga
lician, german, german-x-2009-06-19, greek, gujarati, hindi, hungarian, iceland
ic, indonesian, interlingua, irish, italian, kannada, kurmanji, lao, latin, lat
vian, lithuanian, malayalam, marathi, mongolian, mongolianlmc, monogreek, ngerm
an, ngerman-x-2009-06-19, nynorsk, oriya, panjabi, pinyin, polish, portuguese, 
romanian, russian, sanskrit, serbian, slovak, slovenian, spanish, swedish, swis
sgerman, tamil, telugu, turkish, turkmen, ukenglish, ukrainian, uppersorbian, u
senglishmax, welsh, loaded.
("C:\Program Files (x86)\MiKTeX 2.9\tex\latex\base\book.cls"
Document Class: book 2007/10/19 v1.4h Standard LaTeX document class
("C:\Program Files (x86)\MiKTeX 2.9\tex\latex\base\bk12.clo"
File: bk12.clo 2007/10/19 v1.4h Standard LaTeX file (size option)
)
\c@part=\count79
\c@chapter=\count80
\c@section=\count81
\c@subsection=\count82
\c@subsubsection=\count83
\c@paragraph=\count84
\c@subparagraph=\count85
\c@figure=\count86
\c@table=\count87
\abovecaptionskip=\skip41
\belowcaptionskip=\skip42
\bibindent=\dimen102
)
(D:\UCLM\5Curso\PFC\repo-pfc\PFC\MemoriaModif\formatoPFC.tex
("C:\Program Files (x86)\MiKTeX 2.9\tex\generic\babel\babel.sty"
Package: babel 2008/07/08 v3.8m The Babel package

*************************************
* Local config file bblopts.cfg used
*
("C:\Program Files (x86)\MiKTeX 2.9\tex\latex\00miktex\bblopts.cfg"
File: bblopts.cfg 2006/07/31 v1.0 MiKTeX 'babel' configuration
)
("C:\Program Files (x86)\MiKTeX 2.9\tex\generic\babel\spanish.ldf"
Language: spanish.ldf 2009/01/02 v5.0h Spanish support from the babel system

("C:\Program Files (x86)\MiKTeX 2.9\tex\generic\babel\babel.def"
File: babel.def 2008/07/08 v3.8m Babel common definitions
\babel@savecnt=\count88
\U@D=\dimen103
)
\es@datefmt=\count89
\es@quottoks=\toks14
\es@quotdepth=\count90
Package babel Info: Making " an active character on input line 492.
Package babel Info: Making . an active character on input line 585.
Package babel Info: Making < an active character on input line 630.
Package babel Info: Making > an active character on input line 630.
)
("C:\Program Files (x86)\MiKTeX 2.9\tex\generic\babel\english.ldf"
Language: english 2005/03/30 v3.3o English support from the babel system
\l@canadian = a dialect from \language\l@american 
\l@australian = a dialect from \language\l@british 
\l@newzealand = a dialect from \language\l@british 
))
("C:\Program Files (x86)\MiKTeX 2.9\tex\latex\oberdiek\inputenx.sty"
Package: inputenx 2011/04/10 v1.8 Enhanced input encoding handling (HO)

("C:\Program Files (x86)\MiKTeX 2.9\tex\latex\oberdiek\ix-alias.def"
File: ix-alias.def 2011/04/10 v1.8 Alias list (inputenx)
)
Package inputenx Info: Encoding name: ansinew
(inputenx)             Encoding file: x-cp1252.def
(inputenx)              on input line 171.

("C:\Program Files (x86)\MiKTeX 2.9\tex\latex\base\inputenc.sty"
Package: inputenc 2008/03/30 v1.1d Input encoding file
\inpenc@prehook=\toks15
\inpenc@posthook=\toks16
)
("C:\Program Files (x86)\MiKTeX 2.9\tex\latex\oberdiek\x-cp1252.def"
File: x-cp1252.def 2011/04/10 v1.8 Input encoding cp1252 (inputenx)
))
("C:\Program Files (x86)\MiKTeX 2.9\tex\latex\base\fontenc.sty"
Package: fontenc 2005/09/27 v1.99g Standard LaTeX package

("C:\Program Files (x86)\MiKTeX 2.9\tex\latex\base\t1enc.def"
File: t1enc.def 2005/09/27 v1.99g Standard LaTeX file
LaTeX Font Info:    Redeclaring font encoding T1 on input line 43.
))
("C:\Program Files (x86)\MiKTeX 2.9\tex\latex\psnfss\times.sty"
Package: times 2005/04/12 PSNFSS-v9.2a (SPQR) 
)
("C:\Program Files (x86)\MiKTeX 2.9\tex\latex\microtype\microtype.sty"
Package: microtype 2010/01/10 v2.4 Micro-typography with pdfTeX (RS)

("C:\Program Files (x86)\MiKTeX 2.9\tex\latex\graphics\keyval.sty"
Package: keyval 1999/03/16 v1.13 key=value parser (DPC)
\KV@toks@=\toks17
)
\MT@toks=\toks18
\MT@count=\count91
LaTeX Info: Redefining \lsstyle on input line 1597.
LaTeX Info: Redefining \lslig on input line 1597.
\MT@outer@space=\skip43
LaTeX Info: Redefining \textls on input line 1605.
\MT@outer@kern=\dimen104
LaTeX Info: Redefining \textmicrotypecontext on input line 2156.
Package microtype Info: Loading configuration file microtype.cfg.

("C:\Program Files (x86)\MiKTeX 2.9\tex\latex\microtype\microtype.cfg"
File: microtype.cfg 2010/01/10 v2.4 microtype main configuration file (RS)
))
("C:\Program Files (x86)\MiKTeX 2.9\tex\latex\tools\enumerate.sty"
Package: enumerate 1999/03/05 v3.00 enumerate extensions (DPC)
\@enLab=\toks19
)
("C:\Program Files (x86)\MiKTeX 2.9\tex\latex\psnfss\pifont.sty"
Package: pifont 2005/04/12 PSNFSS-v9.2a Pi font support (SPQR) 
LaTeX Font Info:    Try loading font information for U+pzd on input line 63.

("C:\Program Files (x86)\MiKTeX 2.9\tex\latex\psnfss\upzd.fd"
File: upzd.fd 2001/06/04 font definitions for U/pzd.
)
LaTeX Font Info:    Try loading font information for U+psy on input line 64.

("C:\Program Files (x86)\MiKTeX 2.9\tex\latex\psnfss\upsy.fd"
File: upsy.fd 2001/06/04 font definitions for U/psy.
))
("C:\Program Files (x86)\MiKTeX 2.9\tex\latex\base\textcomp.sty"
Package: textcomp 2005/09/27 v1.99g Standard LaTeX package
Package textcomp Info: Sub-encoding information:
(textcomp)               5 = only ISO-Adobe without \textcurrency
(textcomp)               4 = 5 + \texteuro
(textcomp)               3 = 4 + \textohm
(textcomp)               2 = 3 + \textestimated + \textcurrency
(textcomp)               1 = TS1 - \textcircled - \t
(textcomp)               0 = TS1 (full)
(textcomp)             Font families with sub-encoding setting implement
(textcomp)             only a restricted character set as indicated.
(textcomp)             Family '?' is the default used for unknown fonts.
(textcomp)             See the documentation for details.
Package textcomp Info: Setting ? sub-encoding to TS1/1 on input line 71.

("C:\Program Files (x86)\MiKTeX 2.9\tex\latex\base\ts1enc.def"
File: ts1enc.def 2001/06/05 v3.0e (jk/car/fm) Standard LaTeX file
)
LaTeX Info: Redefining \oldstylenums on input line 266.
Package textcomp Info: Setting cmr sub-encoding to TS1/0 on input line 281.
Package textcomp Info: Setting cmss sub-encoding to TS1/0 on input line 282.
Package textcomp Info: Setting cmtt sub-encoding to TS1/0 on input line 283.
Package textcomp Info: Setting cmvtt sub-encoding to TS1/0 on input line 284.
Package textcomp Info: Setting cmbr sub-encoding to TS1/0 on input line 285.
Package textcomp Info: Setting cmtl sub-encoding to TS1/0 on input line 286.
Package textcomp Info: Setting ccr sub-encoding to TS1/0 on input line 287.
Package textcomp Info: Setting ptm sub-encoding to TS1/4 on input line 288.
Package textcomp Info: Setting pcr sub-encoding to TS1/4 on input line 289.
Package textcomp Info: Setting phv sub-encoding to TS1/4 on input line 290.
Package textcomp Info: Setting ppl sub-encoding to TS1/3 on input line 291.
Package textcomp Info: Setting pag sub-encoding to TS1/4 on input line 292.
Package textcomp Info: Setting pbk sub-encoding to TS1/4 on input line 293.
Package textcomp Info: Setting pnc sub-encoding to TS1/4 on input line 294.
Package textcomp Info: Setting pzc sub-encoding to TS1/4 on input line 295.
Package textcomp Info: Setting bch sub-encoding to TS1/4 on input line 296.
Package textcomp Info: Setting put sub-encoding to TS1/5 on input line 297.
Package textcomp Info: Setting uag sub-encoding to TS1/5 on input line 298.
Package textcomp Info: Setting ugq sub-encoding to TS1/5 on input line 299.
Package textcomp Info: Setting ul8 sub-encoding to TS1/4 on input line 300.
Package textcomp Info: Setting ul9 sub-encoding to TS1/4 on input line 301.
Package textcomp Info: Setting augie sub-encoding to TS1/5 on input line 302.
Package textcomp Info: Setting dayrom sub-encoding to TS1/3 on input line 303.
Package textcomp Info: Setting dayroms sub-encoding to TS1/3 on input line 304.

Package textcomp Info: Setting pxr sub-encoding to TS1/0 on input line 305.
Package textcomp Info: Setting pxss sub-encoding to TS1/0 on input line 306.
Package textcomp Info: Setting pxtt sub-encoding to TS1/0 on input line 307.
Package textcomp Info: Setting txr sub-encoding to TS1/0 on input line 308.
Package textcomp Info: Setting txss sub-encoding to TS1/0 on input line 309.
Package textcomp Info: Setting txtt sub-encoding to TS1/0 on input line 310.
Package textcomp Info: Setting lmr sub-encoding to TS1/0 on input line 311.
Package textcomp Info: Setting lmdh sub-encoding to TS1/0 on input line 312.
Package textcomp Info: Setting lmss sub-encoding to TS1/0 on input line 313.
Package textcomp Info: Setting lmssq sub-encoding to TS1/0 on input line 314.
Package textcomp Info: Setting lmvtt sub-encoding to TS1/0 on input line 315.
Package textcomp Info: Setting qhv sub-encoding to TS1/0 on input line 316.
Package textcomp Info: Setting qag sub-encoding to TS1/0 on input line 317.
Package textcomp Info: Setting qbk sub-encoding to TS1/0 on input line 318.
Package textcomp Info: Setting qcr sub-encoding to TS1/0 on input line 319.
Package textcomp Info: Setting qcs sub-encoding to TS1/0 on input line 320.
Package textcomp Info: Setting qpl sub-encoding to TS1/0 on input line 321.
Package textcomp Info: Setting qtm sub-encoding to TS1/0 on input line 322.
Package textcomp Info: Setting qzc sub-encoding to TS1/0 on input line 323.
Package textcomp Info: Setting qhvc sub-encoding to TS1/0 on input line 324.
Package textcomp Info: Setting futs sub-encoding to TS1/4 on input line 325.
Package textcomp Info: Setting futx sub-encoding to TS1/4 on input line 326.
Package textcomp Info: Setting futj sub-encoding to TS1/4 on input line 327.
Package textcomp Info: Setting hlh sub-encoding to TS1/3 on input line 328.
Package textcomp Info: Setting hls sub-encoding to TS1/3 on input line 329.
Package textcomp Info: Setting hlst sub-encoding to TS1/3 on input line 330.
Package textcomp Info: Setting hlct sub-encoding to TS1/5 on input line 331.
Package textcomp Info: Setting hlx sub-encoding to TS1/5 on input line 332.
Package textcomp Info: Setting hlce sub-encoding to TS1/5 on input line 333.
Package textcomp Info: Setting hlcn sub-encoding to TS1/5 on input line 334.
Package textcomp Info: Setting hlcw sub-encoding to TS1/5 on input line 335.
Package textcomp Info: Setting hlcf sub-encoding to TS1/5 on input line 336.
Package textcomp Info: Setting pplx sub-encoding to TS1/3 on input line 337.
Package textcomp Info: Setting pplj sub-encoding to TS1/3 on input line 338.
Package textcomp Info: Setting ptmx sub-encoding to TS1/4 on input line 339.
Package textcomp Info: Setting ptmj sub-encoding to TS1/4 on input line 340.
)
("C:\Program Files (x86)\MiKTeX 2.9\tex\latex\marvosym\marvosym.sty"
Package: marvosym 2011/07/20 v2.2 Martin Vogel's Symbols font definitions
)
("C:\Program Files (x86)\MiKTeX 2.9\tex\latex\tools\longtable.sty"
Package: longtable 2004/02/01 v4.11 Multi-page Table package (DPC)
\LTleft=\skip44
\LTright=\skip45
\LTpre=\skip46
\LTpost=\skip47
\LTchunksize=\count92
\LTcapwidth=\dimen105
\LT@head=\box26
\LT@firsthead=\box27
\LT@foot=\box28
\LT@lastfoot=\box29
\LT@cols=\count93
\LT@rows=\count94
\c@LT@tables=\count95
\c@LT@chunks=\count96
\LT@p@ftn=\toks20
)
("C:\Program Files (x86)\MiKTeX 2.9\tex\latex\ltxmisc\url.sty"
\Urlmuskip=\muskip10
Package: url 2006/04/12  ver 3.3  Verb mode for urls, etc.
)
("C:\Program Files (x86)\MiKTeX 2.9\tex\latex\tools\array.sty"
Package: array 2008/09/09 v2.4c Tabular extension package (FMi)
\col@sep=\dimen106
\extrarowheight=\dimen107
\NC@list=\toks21
\extratabsurround=\skip48
\backup@length=\skip49
)
("C:\Program Files (x86)\MiKTeX 2.9\tex\latex\multirow\multirow.sty"
\bigstrutjot=\dimen108
)
("C:\Program Files (x86)\MiKTeX 2.9\tex\latex\geometry\geometry.sty"
Package: geometry 2010/09/12 v5.6 Page Geometry

("C:\Program Files (x86)\MiKTeX 2.9\tex\generic\oberdiek\ifpdf.sty"
Package: ifpdf 2011/01/30 v2.3 Provides the ifpdf switch (HO)
Package ifpdf Info: pdfTeX in PDF mode is detected.
)
("C:\Program Files (x86)\MiKTeX 2.9\tex\generic\oberdiek\ifvtex.sty"
Package: ifvtex 2010/03/01 v1.5 Switches for detecting VTeX and its modes (HO)
Package ifvtex Info: VTeX not detected.
)
("C:\Program Files (x86)\MiKTeX 2.9\tex\generic\ifxetex\ifxetex.sty"
Package: ifxetex 2010/09/12 v0.6 Provides ifxetex conditional
)
\Gm@cnth=\count97
\Gm@cntv=\count98
\c@Gm@tempcnt=\count99
\Gm@bindingoffset=\dimen109
\Gm@wd@mp=\dimen110
\Gm@odd@mp=\dimen111
\Gm@even@mp=\dimen112
\Gm@layoutwidth=\dimen113
\Gm@layoutheight=\dimen114
\Gm@layouthoffset=\dimen115
\Gm@layoutvoffset=\dimen116
\Gm@dimlist=\toks22

("C:\Program Files (x86)\MiKTeX 2.9\tex\latex\geometry\geometry.cfg"))
("C:\Program Files (x86)\MiKTeX 2.9\tex\latex\fancyhdr\fancyhdr.sty"
\fancy@headwidth=\skip50
\f@ncyO@elh=\skip51
\f@ncyO@erh=\skip52
\f@ncyO@olh=\skip53
\f@ncyO@orh=\skip54
\f@ncyO@elf=\skip55
\f@ncyO@erf=\skip56
\f@ncyO@olf=\skip57
\f@ncyO@orf=\skip58
)
("C:\Program Files (x86)\MiKTeX 2.9\tex\latex\titlesec\titlesec.sty"
Package: titlesec 2011/08/28 v2.9.1 Sectioning titles
\ttl@box=\box30
\beforetitleunit=\skip59
\aftertitleunit=\skip60
\ttl@plus=\dimen117
\ttl@minus=\dimen118
\ttl@toksa=\toks23
\titlewidth=\dimen119
\titlewidthlast=\dimen120
\titlewidthfirst=\dimen121
)
("C:\Program Files (x86)\MiKTeX 2.9\tex\latex\caption\caption.sty"
Package: caption 2011/08/18 v3.2b Customizing captions (AR)

("C:\Program Files (x86)\MiKTeX 2.9\tex\latex\caption\caption3.sty"
Package: caption3 2011/08/18 v1.3b caption3 kernel (AR)
\captionmargin=\dimen122
\captionmargin@=\dimen123
\captionwidth=\dimen124
\caption@indent=\dimen125
\caption@parindent=\dimen126
\caption@hangindent=\dimen127
)
\c@ContinuedFloat=\count100
Package caption Info: longtable package is loaded.

("C:\Program Files (x86)\MiKTeX 2.9\tex\latex\caption\ltcaption.sty"
Package: ltcaption 2011/01/01 v1.2a longtable captions (AR)
))
("C:\Program Files (x86)\MiKTeX 2.9\tex\latex\graphics\graphicx.sty"
Package: graphicx 1999/02/16 v1.0f Enhanced LaTeX Graphics (DPC,SPQR)

("C:\Program Files (x86)\MiKTeX 2.9\tex\latex\graphics\graphics.sty"
Package: graphics 2009/02/05 v1.0o Standard LaTeX Graphics (DPC,SPQR)

("C:\Program Files (x86)\MiKTeX 2.9\tex\latex\graphics\trig.sty"
Package: trig 1999/03/16 v1.09 sin cos tan (DPC)
)
("C:\Program Files (x86)\MiKTeX 2.9\tex\latex\00miktex\graphics.cfg"
File: graphics.cfg 2007/01/18 v1.5 graphics configuration of teTeX/TeXLive
)
Package graphics Info: Driver file: pdftex.def on input line 91.

("C:\Program Files (x86)\MiKTeX 2.9\tex\latex\pdftex-def\pdftex.def"
File: pdftex.def 2011/05/27 v0.06d Graphics/color for pdfTeX

("C:\Program Files (x86)\MiKTeX 2.9\tex\generic\oberdiek\infwarerr.sty"
Package: infwarerr 2010/04/08 v1.3 Providing info/warning/message (HO)
)
("C:\Program Files (x86)\MiKTeX 2.9\tex\generic\oberdiek\ltxcmds.sty"
Package: ltxcmds 2011/04/18 v1.20 LaTeX kernel commands for general use (HO)
)
\Gread@gobject=\count101
))
\Gin@req@height=\dimen128
\Gin@req@width=\dimen129
)
("C:\Program Files (x86)\MiKTeX 2.9\tex\latex\subfigure\subfigure.sty"
Package: subfigure 2002/07/30 v2.1.4 subfigure package
\subfigtopskip=\skip61
\subfigcapskip=\skip62
\subfigcaptopadj=\dimen130
\subfigbottomskip=\skip63
\subfigcapmargin=\dimen131
\subfiglabelskip=\skip64
\c@subfigure=\count102
\c@lofdepth=\count103
\c@subtable=\count104
\c@lotdepth=\count105

****************************************
* Local config file subfigure.cfg used *
****************************************
("C:\Program Files (x86)\MiKTeX 2.9\tex\latex\subfigure\subfigure.cfg")
\subfig@top=\skip65
\subfig@bottom=\skip66
)
("C:\Program Files (x86)\MiKTeX 2.9\tex\latex\listings\listings.sty"
\lst@mode=\count106
\lst@gtempboxa=\box31
\lst@token=\toks24
\lst@length=\count107
\lst@currlwidth=\dimen132
\lst@column=\count108
\lst@pos=\count109
\lst@lostspace=\dimen133
\lst@width=\dimen134
\lst@newlines=\count110
\lst@lineno=\count111
\lst@maxwidth=\dimen135

("C:\Program Files (x86)\MiKTeX 2.9\tex\latex\listings\lstmisc.sty"
File: lstmisc.sty 2007/02/22 1.4 (Carsten Heinz)
\c@lstnumber=\count112
\lst@skipnumbers=\count113
\lst@framebox=\box32
)
("C:\Program Files (x86)\MiKTeX 2.9\tex\latex\listings\listings.cfg"
File: listings.cfg 2007/02/22 1.4 listings configuration
))
Package: listings 2007/02/22 1.4 (Carsten Heinz)

("C:\Program Files (x86)\MiKTeX 2.9\tex\latex\fancyvrb\fancyvrb.sty"
Package: fancyvrb 2008/02/07

Style option: `fancyvrb' v2.7a, with DG/SPQR fixes, and firstline=lastline fix 
<2008/02/07> (tvz)
\FV@CodeLineNo=\count114
\FV@InFile=\read1
\FV@TabBox=\box33
\c@FancyVerbLine=\count115
\FV@StepNumber=\count116
\FV@OutFile=\write3
)
("C:\Program Files (x86)\MiKTeX 2.9\tex\latex\algorithm2e\algorithm2e.sty"
Package: algorithm2e 2008/00/00 v3.10 algorithms environments
\c@AlgoLine=\count117

("C:\Program Files (x86)\MiKTeX 2.9\tex\latex\base\ifthen.sty"
Package: ifthen 2001/05/26 v1.1c Standard LaTeX ifthen package (DPC)
)
("C:\Program Files (x86)\MiKTeX 2.9\tex\latex\tools\xspace.sty"
Package: xspace 2009/10/20 v1.13 Space after command names (DPC,MH)
)
("C:\Program Files (x86)\MiKTeX 2.9\tex\latex\ltxmisc\relsize.sty"
Package: relsize 2003/07/04 ver 3.1
)
********************************************************
Package `algorithm2e' Release 4.01 -- december 14 2009 --
- algorithm2e-announce@lirmm.fr mailing list for announcement about releases
- algorithm2e-discussion@lirmm.fr mailing list for discussion about package
subscribe by emailing sympa@lirmm.fr with 'subscribe <list> <firstname name>'
- Author: Christophe Fiorio (fiorio@lirmm.fr)
********************************************************
\skiptotal=\skip67
\skiplinenumber=\skip68
\skiprule=\skip69
\skiphlne=\skip70
\skiptext=\skip71
\skiplength=\skip72
\algomargin=\skip73
\skipalgocfslide=\skip74
\algowidth=\dimen136
\inoutsize=\dimen137
\inoutline=\dimen138
\interspacetitleruled=\dimen139
\interspacealgoruled=\dimen140
\interspacetitleboxruled=\dimen141
\algocf@inoutbox=\box34
\algocf@inputbox=\box35
\AlCapSkip=\skip75
\AlCapHSkip=\skip76
\algocf@nlbox=\box36
\algocf@hangingbox=\box37
\algocf@capbox=\box38
\algoheightruledefault=\skip77
\algoheightrule=\skip78
\algotitleheightruledefault=\skip79
\algotitleheightrule=\skip80
\c@algocfline=\count118
\c@algocfproc=\count119
\c@algocf=\count120
\algocf@algoframe=\box39
\algocf@algobox=\box40
) ("C:\Program Files (x86)\MiKTeX 2.9\tex\latex\babelbib\babelbib.sty"
Package: babelbib 2009/10/10 v1.29 babelbib: multilingual bibliographies (HH)
)
("C:\Program Files (x86)\MiKTeX 2.9\tex\latex\base\makeidx.sty"
Package: makeidx 2000/03/29 v1.0m Standard LaTeX package
)
\@indexfile=\write4

Writing index file PlantillaPFC.idx
("C:\Program Files (x86)\MiKTeX 2.9\tex\latex\framed\framed.sty"
Package: framed 2007/10/04 v 0.95: framed or shaded text with page breaks
\fb@frw=\dimen142
\fb@frh=\dimen143
\FrameRule=\dimen144
\FrameSep=\dimen145
)
("C:\Program Files (x86)\MiKTeX 2.9\tex\latex\xcolor\xcolor.sty"
Package: xcolor 2007/01/21 v2.11 LaTeX color extensions (UK)

("C:\Program Files (x86)\MiKTeX 2.9\tex\latex\00miktex\color.cfg"
File: color.cfg 2007/01/18 v1.5 color configuration of teTeX/TeXLive
)
Package xcolor Info: Driver file: pdftex.def on input line 225.

("C:\Program Files (x86)\MiKTeX 2.9\tex\latex\colortbl\colortbl.sty"
Package: colortbl 2001/02/13 v0.1j Color table columns (DPC)
\everycr=\toks25
\minrowclearance=\skip81
)
\rownum=\count121
Package xcolor Info: Model `cmy' substituted by `cmy0' on input line 1337.
Package xcolor Info: Model `hsb' substituted by `rgb' on input line 1341.
Package xcolor Info: Model `RGB' extended on input line 1353.
Package xcolor Info: Model `HTML' substituted by `rgb' on input line 1355.
Package xcolor Info: Model `Hsb' substituted by `hsb' on input line 1356.
Package xcolor Info: Model `tHsb' substituted by `hsb' on input line 1357.
Package xcolor Info: Model `HSB' substituted by `hsb' on input line 1358.
Package xcolor Info: Model `Gray' substituted by `gray' on input line 1359.
Package xcolor Info: Model `wave' substituted by `hsb' on input line 1360.
)
("C:\Program Files (x86)\MiKTeX 2.9\tex\latex\pdfpages\pdfpages.sty"
Package: pdfpages 2011/03/10 v0.4n Insert pages of external PDF documents (AM)

("C:\Program Files (x86)\MiKTeX 2.9\tex\latex\tools\calc.sty"
Package: calc 2007/08/22 v4.3 Infix arithmetic (KKT,FJ)
\calc@Acount=\count122
\calc@Bcount=\count123
\calc@Adimen=\dimen146
\calc@Bdimen=\dimen147
\calc@Askip=\skip82
\calc@Bskip=\skip83
LaTeX Info: Redefining \setlength on input line 76.
LaTeX Info: Redefining \addtolength on input line 77.
\calc@Ccount=\count124
\calc@Cskip=\skip84
)
("C:\Program Files (x86)\MiKTeX 2.9\tex\latex\eso-pic\eso-pic.sty"
Package: eso-pic 2010/10/06 v2.0c eso-pic (RN)

("C:\Program Files (x86)\MiKTeX 2.9\tex\generic\oberdiek\atbegshi.sty"
Package: atbegshi 2011/01/30 v1.15 At begin shipout hook (HO)
))
("C:\Program Files (x86)\MiKTeX 2.9\tex\latex\pdfpages\pppdftex.def"
File: pppdftex.def 2011/03/10 v0.4n Pdfpages driver for pdfTeX (AM)
)
\AM@pagebox=\box41
\AM@toc@title=\toks26
\c@AM@survey=\count125
\AM@templatesizebox=\box42
)
("C:\Program Files (x86)\MiKTeX 2.9\tex\latex\float\float.sty"
Package: float 2001/11/08 v1.3d Float enhancements (AL)
\c@float@type=\count126
\float@exts=\toks27
\float@box=\box43
\@float@everytoks=\toks28
\@floatcapt=\box44
)
("C:\Program Files (x86)\MiKTeX 2.9\tex\latex\wrapfig\wrapfig.sty"
\wrapoverhang=\dimen148
\WF@size=\dimen149
\c@WF@wrappedlines=\count127
\WF@box=\box45
\WF@everypar=\toks29
Package: wrapfig 2003/01/31  v 3.6
)
("C:\Program Files (x86)\MiKTeX 2.9\tex\latex\dtk\dtklogos.sty"
Package: dtklogos 2010/06/19 1.9b gene
LaTeX Info: Redefining \XeTeX on input line 282.
LaTeX Info: Redefining \XeLaTeX on input line 291.
))
(D:\UCLM\5Curso\PFC\repo-pfc\PFC\MemoriaModif\PlantillaPFC.aux
(D:\UCLM\5Curso\PFC\repo-pfc\PFC\MemoriaModif\Portadas.aux)
(D:\UCLM\5Curso\PFC\repo-pfc\PFC\MemoriaModif\Previos.aux)
(D:\UCLM\5Curso\PFC\repo-pfc\PFC\MemoriaModif\Listas.aux)
(D:\UCLM\5Curso\PFC\repo-pfc\PFC\MemoriaModif\MotivacionObjetivos.aux)
(D:\UCLM\5Curso\PFC\repo-pfc\PFC\MemoriaModif\EstadoArte.aux)
(D:\UCLM\5Curso\PFC\repo-pfc\PFC\MemoriaModif\ConsecucionObjetivos.aux)
(D:\UCLM\5Curso\PFC\repo-pfc\PFC\MemoriaModif\ConclusionesPropuestas.aux))
LaTeX Font Info:    Checking defaults for OML/cmm/m/it on input line 16.
LaTeX Font Info:    ... okay on input line 16.
LaTeX Font Info:    Checking defaults for T1/cmr/m/n on input line 16.
LaTeX Font Info:    ... okay on input line 16.
LaTeX Font Info:    Checking defaults for OT1/cmr/m/n on input line 16.
LaTeX Font Info:    ... okay on input line 16.
LaTeX Font Info:    Checking defaults for OMS/cmsy/m/n on input line 16.
LaTeX Font Info:    ... okay on input line 16.
LaTeX Font Info:    Checking defaults for OMX/cmex/m/n on input line 16.
LaTeX Font Info:    ... okay on input line 16.
LaTeX Font Info:    Checking defaults for U/cmr/m/n on input line 16.
LaTeX Font Info:    ... okay on input line 16.
LaTeX Font Info:    Checking defaults for TS1/cmr/m/n on input line 16.
LaTeX Font Info:    Try loading font information for TS1+cmr on input line 16.

("C:\Program Files (x86)\MiKTeX 2.9\tex\latex\base\ts1cmr.fd"
File: ts1cmr.fd 1999/05/25 v2.5h Standard LaTeX font definitions
)
LaTeX Font Info:    ... okay on input line 16.
LaTeX Font Info:    Try loading font information for T1+ptm on input line 16.

("C:\Program Files (x86)\MiKTeX 2.9\tex\latex\psnfss\t1ptm.fd"
File: t1ptm.fd 2001/06/04 font definitions for T1/ptm.
)
LaTeX Info: Redefining \microtypecontext on input line 16.
Package microtype Info: Generating PDF output.
Package microtype Info: Character protrusion enabled (level 2).
Package microtype Info: Using default protrusion set `alltext'.
Package microtype Info: Automatic font expansion enabled (level 2),
(microtype)             stretch: 20, shrink: 20, step: 1, non-selected.
Package microtype Info: Using default expansion set `basictext'.
Package microtype Info: No tracking.
Package microtype Info: No adjustment of interword spacing.
Package microtype Info: No adjustment of character kerning.

("C:\Program Files (x86)\MiKTeX 2.9\tex\latex\microtype\mt-ptm.cfg"
File: mt-ptm.cfg 2006/04/20 v1.7 microtype config. file: Times (RS)
)
*geometry* driver: auto-detecting
*geometry* detected driver: pdftex
*geometry* verbose mode - [ preamble ] result:
* driver: pdftex
* paper: a4paper
* layout: <same size as paper>
* layoutoffset:(h,v)=(0.0pt,0.0pt)
* modes: twoside 
* h-part:(L,W,R)=(99.58464pt, 441.01773pt, 56.9055pt)
* v-part:(T,H,B)=(71.13188pt, 702.78308pt, 71.13188pt)
* \paperwidth=597.50787pt
* \paperheight=845.04684pt
* \textwidth=441.01773pt
* \textheight=702.78308pt
* \oddsidemargin=27.31465pt
* \evensidemargin=-15.36449pt
* \topmargin=-33.0119pt
* \headheight=18.0pt
* \headsep=19.8738pt
* \topskip=12.0pt
* \footskip=30.0pt
* \marginparwidth=88.0pt
* \marginparsep=7.0pt
* \columnsep=10.0pt
* \skip\footins=10.8pt plus 4.0pt minus 2.0pt
* \hoffset=0.0pt
* \voffset=0.0pt
* \mag=1000
* \@twocolumnfalse
* \@twosidetrue
* \@mparswitchtrue
* \@reversemarginfalse
* (1in=72.27pt=25.4mm, 1cm=28.453pt)

Package caption Info: Begin \AtBeginDocument code.
Package caption Info: float package is loaded.
Package caption Info: listings package is loaded.
Package caption Info: subfigure package is loaded.
Package caption Info: wrapfig package is loaded.
Package caption Info: End \AtBeginDocument code.
("C:\Program Files (x86)\MiKTeX 2.9\tex\context\base\supp-pdf.mkii"
[Loading MPS to PDF converter (version 2006.09.02).]
\scratchcounter=\count128
\scratchdimen=\dimen150
\scratchbox=\box46
\nofMPsegments=\count129
\nofMParguments=\count130
\everyMPshowfont=\toks30
\MPscratchCnt=\count131
\MPscratchDim=\dimen151
\MPnumerator=\count132
\makeMPintoPDFobject=\count133
\everyMPtoPDFconversion=\toks31
)
\c@lstlisting=\count134

babelbib: Use citation-dependent languages in bibliography
babelbib: Set bibliography fall-back language to english
("C:\Program Files (x86)\MiKTeX 2.9\tex\latex\babelbib\english.bdf"
File: english.bdf 2009/10/10 v1.29 babelbib: multilingual bibliographies (HH)

babelbib extension \bibsenglish added to \extrasenglish
babelbib extension \btxifchangecaseon added to \extrasenglish
) ("C:\Program Files (x86)\MiKTeX 2.9\tex\latex\babelbib\spanish.bdf"
File: spanish.bdf 2009/10/10 v1.29 babelbib: multilingual bibliographies (HH)

babelbib extension \bibsspanish added to \extrasspanish
babelbib extension \btxifchangecaseoff added to \extrasspanish
)
\AtBeginShipoutBox=\box47
 (D:\UCLM\5Curso\PFC\repo-pfc\PFC\MemoriaModif\Portadas.tex
<Figuras//logoesi.pdf, id=1, 597.23125pt x 702.625pt>
File: Figuras//logoesi.pdf Graphic file (type pdf)

<use Figuras//logoesi.pdf>
Package pdftex.def Info: Figuras//logoesi.pdf used on input line 11.
(pdftex.def)             Requested size: 99.58464pt x 117.15033pt.
LaTeX Font Info:    Font shape `T1/ptm/bx/sc' in size <20.74> not available
(Font)              Font shape `T1/ptm/b/sc' tried instead on input line 17.
LaTeX Font Info:    Font shape `T1/ptm/bx/n' in size <17.28> not available
(Font)              Font shape `T1/ptm/b/n' tried instead on input line 19.
 [1




{C:/ProgramData/MiKTeX/2.9/pdftex/config/pdftex.map} <D:/UCLM/5Curso/PFC/repo-p
fc/PFC/MemoriaModif/Figuras//logoesi.pdf>]
[2

]
File: Figuras//logoesi.pdf Graphic file (type pdf)
 <use Figuras//logoesi.pdf>
Package pdftex.def Info: Figuras//logoesi.pdf used on input line 33.
(pdftex.def)             Requested size: 99.58464pt x 117.15033pt.
 [3]
LaTeX Font Info:    Try loading font information for TS1+ptm on input line 63.

("C:\Program Files (x86)\MiKTeX 2.9\tex\latex\psnfss\ts1ptm.fd"
File: ts1ptm.fd 2001/06/04 font definitions for TS1/ptm.
)
Underfull \hbox (badness 10000) in paragraph at lines 62--65

 []

[4] ("C:\Program Files (x86)\MiKTeX 2.9\tex\latex\microtype\mt-cmr.cfg"
File: mt-cmr.cfg 2009/11/09 v2.0 microtype config. file: Computer Modern Roman 
(RS)
)
LaTeX Font Info:    External font `cmex10' loaded for size
(Font)              <20.74> on input line 71.
LaTeX Font Info:    External font `cmex10' loaded for size
(Font)              <14.4> on input line 71.
LaTeX Font Info:    External font `cmex10' loaded for size
(Font)              <12> on input line 71.

Underfull \hbox (badness 10000) in paragraph at lines 71--76

 []


Underfull \hbox (badness 10000) in paragraph at lines 77--78

 []


Underfull \hbox (badness 10000) in paragraph at lines 79--80

 []

LaTeX Font Info:    External font `cmex10' loaded for size
(Font)              <10.95> on input line 82.
LaTeX Font Info:    External font `cmex10' loaded for size
(Font)              <8> on input line 82.
LaTeX Font Info:    External font `cmex10' loaded for size
(Font)              <6> on input line 82.

Overfull \hbox (6.79778pt too wide) in paragraph at lines 82--86
 [] 
 []

[5

] [6

] [7] [8

]) (D:\UCLM\5Curso\PFC\repo-pfc\PFC\MemoriaModif\Previos.tex
LaTeX Font Info:    Font shape `T1/ptm/bx/n' in size <12> not available
(Font)              Font shape `T1/ptm/b/n' tried instead on input line 6.

[9



] [10

] [11] [12

]
LaTeX Font Info:    Font shape `T1/ptm/bx/n' in size <24.88> not available
(Font)              Font shape `T1/ptm/b/n' tried instead on input line 28.
LaTeX Font Info:    Try loading font information for T1+phv on input line 28.
 ("C:\Program Files (x86)\MiKTeX 2.9\tex\latex\psnfss\t1phv.fd"
File: t1phv.fd 2001/06/04 scalable font definitions for T1/phv.
)
LaTeX Font Info:    Font shape `T1/phv/bx/n' in size <24.88> not available
(Font)              Font shape `T1/phv/b/n' tried instead on input line 28.
) [13] [14


] (D:\UCLM\5Curso\PFC\repo-pfc\PFC\MemoriaModif\PlantillaPFC.toc
[15])
\tf@toc=\write5
 [16] (D:\UCLM\5Curso\PFC\repo-pfc\PFC\MemoriaModif\Listas.tex
(D:\UCLM\5Curso\PFC\repo-pfc\PFC\MemoriaModif\PlantillaPFC.lof)
\tf@lof=\write6
 [17


] [18

]
(D:\UCLM\5Curso\PFC\repo-pfc\PFC\MemoriaModif\PlantillaPFC.lot)
\tf@lot=\write7
 [19] [20

]
(D:\UCLM\5Curso\PFC\repo-pfc\PFC\MemoriaModif\PlantillaPFC.lol)
\tf@lol=\write8
 [21] [22

]
(D:\UCLM\5Curso\PFC\repo-pfc\PFC\MemoriaModif\PlantillaPFC.loa)
\tf@loa=\write9
) [23] [24


]
(D:\UCLM\5Curso\PFC\repo-pfc\PFC\MemoriaModif\MotivacionObjetivos.tex
Cap\'{\i }tulo 1.
LaTeX Font Info:    Font shape `T1/phv/bx/n' in size <17.28> not available
(Font)              Font shape `T1/phv/b/n' tried instead on input line 1.
<Figuras//Cap2//projects-locations.png, id=168, 1178.4025pt x 687.56876pt>
File: Figuras//Cap2//projects-locations.png Graphic file (type png)

<use Figuras//Cap2//projects-locations.png>
Package pdftex.def Info: Figuras//Cap2//projects-locations.png used on input li
ne 12.
(pdftex.def)             Requested size: 412.44705pt x 240.65266pt.
LaTeX Font Info:    Font shape `T1/ptm/bx/n' in size <10.95> not available
(Font)              Font shape `T1/ptm/b/n' tried instead on input line 12.
 [1


] [2 <D:/UCLM/5Curso/PFC/repo-pfc/PFC/MemoriaModif/Figuras//Cap2//projects-loca
tions.png>] [3]
LaTeX Font Info:    Font shape `T1/ptm/bx/n' in size <14.4> not available
(Font)              Font shape `T1/ptm/b/n' tried instead on input line 46.
 [4] [5]) [6]
(D:\UCLM\5Curso\PFC\repo-pfc\PFC\MemoriaModif\EstadoArte.tex
Cap\'{\i }tulo 2.
<Figuras//Cap3//relaciones.png, id=188, 782.925pt x 292.09125pt>
File: Figuras//Cap3//relaciones.png Graphic file (type png)

<use Figuras//Cap3//relaciones.png>
Package pdftex.def Info: Figuras//Cap3//relaciones.png used on input line 12.
(pdftex.def)             Requested size: 391.46155pt x 146.04526pt.
 [7



] [8 <D:/UCLM/5Curso/PFC/repo-pfc/PFC/MemoriaModif/Figuras//Cap3//relaciones.pn
g>]
LaTeX Font Info:    External font `cmex10' loaded for size
(Font)              <7> on input line 50.
LaTeX Font Info:    External font `cmex10' loaded for size
(Font)              <5> on input line 50.

<Figuras//Cap3//beneficios.png, id=196, 835.12pt x 553.06625pt>
File: Figuras//Cap3//beneficios.png Graphic file (type png)

<use Figuras//Cap3//beneficios.png>
Package pdftex.def Info: Figuras//Cap3//beneficios.png used on input line 58.
(pdftex.def)             Requested size: 417.55898pt x 276.53244pt.
 [9]
Underfull \vbox (badness 3701) has occurred while \output is active []

 [10 <D:/UCLM/5Curso/PFC/repo-pfc/PFC/MemoriaModif/Figuras//Cap3//beneficios.pn
g>]
<Figuras//Cap3//follow_the_sun.jpg, id=203, 321.2pt x 205.76875pt>
File: Figuras//Cap3//follow_the_sun.jpg Graphic file (type jpg)

<use Figuras//Cap3//follow_the_sun.jpg>
Package pdftex.def Info: Figuras//Cap3//follow_the_sun.jpg used on input line 8
2.
(pdftex.def)             Requested size: 321.19922pt x 205.76823pt.

Underfull \vbox (badness 2005) has occurred while \output is active []

 [11 <D:/UCLM/5Curso/PFC/repo-pfc/PFC/MemoriaModif/Figuras//Cap3//follow_the_su
n.jpg>]
[12] <Figuras//Cap3//distances.png, id=210, 229.95pt x 203.9985pt>
File: Figuras//Cap3//distances.png Graphic file (type png)

<use Figuras//Cap3//distances.png>
Package pdftex.def Info: Figuras//Cap3//distances.png used on input line 106.
(pdftex.def)             Requested size: 229.94943pt x 203.998pt.
LaTeX Font Info:    Font shape `T1/ptm/bx/it' in size <12> not available
(Font)              Font shape `T1/ptm/b/it' tried instead on input line 112.
 [13 <D:/UCLM/5Curso/PFC/repo-pfc/PFC/MemoriaModif/Figuras//Cap3//distances.png
>] [14]
Underfull \vbox (badness 1661) has occurred while \output is active []

 [15]
[16] <Figuras//Cap3//KMCycle.png, id=227, 316.18124pt x 293.095pt>
File: Figuras//Cap3//KMCycle.png Graphic file (type png)

<use Figuras//Cap3//KMCycle.png>
Package pdftex.def Info: Figuras//Cap3//KMCycle.png used on input line 192.
(pdftex.def)             Requested size: 252.94533pt x 234.4763pt.

Underfull \vbox (badness 5274) has occurred while \output is active []

 [17 <D:/UCLM/5Curso/PFC/repo-pfc/PFC/MemoriaModif/Figuras//Cap3//KMCycle.png>]

Underfull \vbox (badness 10000) has occurred while \output is active []

 [18]
LaTeX Font Info:    Font shape `T1/ptm/bx/it' in size <17.28> not available
(Font)              Font shape `T1/ptm/b/it' tried instead on input line 224.

[19] [20] <Figuras//Cap3//causal.png, id=241, 725.71124pt x 645.41125pt>
File: Figuras//Cap3//causal.png Graphic file (type png)

<use Figuras//Cap3//causal.png>
Package pdftex.def Info: Figuras//Cap3//causal.png used on input line 265.
(pdftex.def)             Requested size: 217.71504pt x 193.62486pt.

<Figuras//Cap3//ibis.png, id=242, 803.0pt x 478.78876pt>
File: Figuras//Cap3//ibis.png Graphic file (type png)

<use Figuras//Cap3//ibis.png>
Package pdftex.def Info: Figuras//Cap3//ibis.png used on input line 266.
(pdftex.def)             Requested size: 200.74951pt x 119.69688pt.
 [21 <D:/UCLM/5Curso/PFC/repo-pfc/PFC/MemoriaModif/Figuras//Cap3//causal.png> <
D:/UCLM/5Curso/PFC/repo-pfc/PFC/MemoriaModif/Figuras//Cap3//ibis.png>] [22]) [2
3]
(D:\UCLM\5Curso\PFC\repo-pfc\PFC\MemoriaModif\ConsecucionObjetivos.tex [24



]
Cap\'{\i }tulo 3.

LaTeX Warning: Reference `ch:resultados' on page 25 undefined on input line 6.


LaTeX Warning: Reference `table:categorias2' on page 25 undefined on input line
 14.


LaTeX Warning: Reference `ch:resultados' on page 25 undefined on input line 14.



Underfull \vbox (badness 10000) has occurred while \output is active []

 [25]

LaTeX Warning: Reference `table:categorias2' on page 26 undefined on input line
 20.


LaTeX Warning: Reference `ch:resultados' on page 26 undefined on input line 20.



LaTeX Warning: Reference `table:categorias2' on page 26 undefined on input line
 26.


LaTeX Warning: Reference `ch:resultados' on page 26 undefined on input line 26.



LaTeX Warning: Reference `table:categorias2' on page 26 undefined on input line
 32.


LaTeX Warning: Reference `ch:resultados' on page 26 undefined on input line 32.


[26]

LaTeX Warning: Reference `table:categorias2' on page 27 undefined on input line
 38.


LaTeX Warning: Reference `ch:resultados' on page 27 undefined on input line 38.



LaTeX Warning: Reference `table:categorias2' on page 27 undefined on input line
 44.


LaTeX Warning: Reference `ch:resultados' on page 27 undefined on input line 44.



LaTeX Warning: Reference `table:categorias2' on page 27 undefined on input line
 50.


LaTeX Warning: Reference `ch:resultados' on page 27 undefined on input line 50.


[27]

LaTeX Warning: Reference `table:categorias2' on page 28 undefined on input line
 56.


LaTeX Warning: Reference `ch:resultados' on page 28 undefined on input line 56.


) [28] (D:\UCLM\5Curso\PFC\repo-pfc\PFC\MemoriaModif\ConclusionesPropuestas.tex
Cap\'{\i }tulo 4.
[29



] [30]) [31] (D:\UCLM\5Curso\PFC\repo-pfc\PFC\MemoriaModif\PlantillaPFC.bbl
[32


]
babelbib: Using the BibTeX style's default font for `name'.
babelbib: Using the BibTeX style's default font for `lastname'.
babelbib: Using the BibTeX style's default font for `title'.
babelbib: Using the BibTeX style's default font for `jtitle'.
babelbib: Using the BibTeX style's default font for `etal'.
babelbib: Using the BibTeX style's default font for `journal'.
babelbib: Using the BibTeX style's default font for `volume'.
babelbib: Using the BibTeX style's default font for `ISBN'.
babelbib: Using the BibTeX style's default font for `ISSN'.
babelbib: Using the BibTeX style's default font for `url'.
babelbib: Using the BibTeX style's default font for `numeral'.
[33] [34]) [35] [36

]
No file PlantillaPFC.ind.
(D:\UCLM\5Curso\PFC\repo-pfc\PFC\MemoriaModif\PlantillaPFC.aux
(D:\UCLM\5Curso\PFC\repo-pfc\PFC\MemoriaModif\Portadas.aux)
(D:\UCLM\5Curso\PFC\repo-pfc\PFC\MemoriaModif\Previos.aux)
(D:\UCLM\5Curso\PFC\repo-pfc\PFC\MemoriaModif\Listas.aux)
(D:\UCLM\5Curso\PFC\repo-pfc\PFC\MemoriaModif\MotivacionObjetivos.aux)
(D:\UCLM\5Curso\PFC\repo-pfc\PFC\MemoriaModif\EstadoArte.aux)
(D:\UCLM\5Curso\PFC\repo-pfc\PFC\MemoriaModif\ConsecucionObjetivos.aux)
(D:\UCLM\5Curso\PFC\repo-pfc\PFC\MemoriaModif\ConclusionesPropuestas.aux))

LaTeX Warning: There were undefined references.

 )
(\end occurred inside a group at level 2)

### simple group (level 2) entered at line 8 ({)
### simple group (level 1) entered at line 62 ({)
### bottom level 
Here is how much of TeX's memory you used:
 11816 strings out of 494045
 175754 string characters out of 3145971
 301158 words of memory out of 3000000
 14554 multiletter control sequences out of 15000+200000
 102136 words of font info for 245 fonts, out of 3000000 for 9000
 715 hyphenation exceptions out of 8191
 43i,12n,45p,1022b,1626s stack positions out of 5000i,500n,10000p,200000b,50000s
{C:/Program Files (x86)/MiKTeX 2.9/fonts/enc/dvips/fontname/8r.
enc}<C:/Program Files (x86)/MiKTeX 2.9/fonts/type1/urw/helvetic/uhvb8a.pfb><C:/
Program Files (x86)/MiKTeX 2.9/fonts/type1/urw/times/utmb8a.pfb><C:/Program Fil
es (x86)/MiKTeX 2.9/fonts/type1/urw/times/utmbi8a.pfb><C:/Program Files (x86)/M
iKTeX 2.9/fonts/type1/urw/times/utmr8a.pfb><C:/Program Files (x86)/MiKTeX 2.9/f
onts/type1/urw/times/utmri8a.pfb>
Output written on PlantillaPFC.pdf (60 pages, 719038 bytes).
PDF statistics:
 315 PDF objects out of 1000 (max. 8388607)
 0 named destinations out of 1000 (max. 500000)
 44078 words of extra memory for PDF output out of 51595 (max. 10000000)

